<?xml version="1.0" encoding="UTF-8"?>
<!-- Generated by org.testng.reporters.JUnitXMLReporter -->
<testsuite ignored="0" hostname="DESKTOP-B00HB2D" failures="0" tests="3" name="HomePageTest" time="11.636" errors="0" timestamp="2025-05-07T14:46:48 IST">
  <testcase classname="com.crm.testcases.HomePageTestCase" name="verifyUrl" time="0.08"/>
  <testcase classname="com.crm.testcases.HomePageTestCase" name="verifyTitle" time="0.05"/>
  <testcase classname="com.crm.testcases.HomePageTestCase" name="validateSIgnInLink" time="1.136"/>
</testsuite> <!-- HomePageTest -->
