<?xml version="1.0" encoding="UTF-8"?>
<!-- Generated by org.testng.reporters.JUnitXMLReporter -->
<testsuite ignored="0" hostname="DESKTOP-B00HB2D" failures="0" tests="3" name="HomePageTest" time="20.801" errors="0" timestamp="2025-05-05T14:29:42 IST">
  <testcase classname="com.crm.testcases.HomePageTestCase" name="verifyUrl" time="14.242"/>
  <testcase classname="com.crm.testcases.HomePageTestCase" name="verifyTitle" time="0.018"/>
  <testcase classname="com.crm.testcases.HomePageTestCase" name="validateSIgnInLink" time="1.399"/>
</testsuite> <!-- HomePageTest -->
