<?xml version="1.0" encoding="UTF-8"?>
<testng-results ignored="0" total="4" passed="4" failed="0" skipped="0">
  <reporter-output>
  </reporter-output>
  <suite started-at="2025-05-05T14:29:21 IST" name="Suite" finished-at="2025-05-05T14:29:50 IST" duration-ms="28423">
    <groups>
    </groups>
    <test started-at="2025-05-05T14:29:21 IST" name="HomePageTest" finished-at="2025-05-05T14:29:42 IST" duration-ms="20801">
      <class name="com.crm.testcases.HomePageTestCase">
        <test-method is-config="true" signature="setup()[pri:0, instance:com.crm.testcases.HomePageTestCase@3e58a80e]" started-at="2025-05-05T14:29:21 IST" name="setup" finished-at="2025-05-05T14:29:26 IST" duration-ms="4819" status="PASS">
          <reporter-output>
          </reporter-output>
        </test-method> <!-- setup -->
        <test-method signature="verifyUrl()[pri:1, instance:com.crm.testcases.HomePageTestCase@3e58a80e]" started-at="2025-05-05T14:29:26 IST" name="verifyUrl" finished-at="2025-05-05T14:29:41 IST" duration-ms="14242" status="PASS">
          <reporter-output>
          </reporter-output>
        </test-method> <!-- verifyUrl -->
        <test-method signature="verifyTitle()[pri:2, instance:com.crm.testcases.HomePageTestCase@3e58a80e]" started-at="2025-05-05T14:29:41 IST" name="verifyTitle" finished-at="2025-05-05T14:29:41 IST" duration-ms="18" status="PASS">
          <reporter-output>
          </reporter-output>
        </test-method> <!-- verifyTitle -->
        <test-method signature="validateSIgnInLink()[pri:3, instance:com.crm.testcases.HomePageTestCase@3e58a80e]" started-at="2025-05-05T14:29:41 IST" name="validateSIgnInLink" finished-at="2025-05-05T14:29:42 IST" duration-ms="1399" status="PASS">
          <reporter-output>
          </reporter-output>
        </test-method> <!-- validateSIgnInLink -->
      </class> <!-- com.crm.testcases.HomePageTestCase -->
    </test> <!-- HomePageTest -->
    <test started-at="2025-05-05T14:29:42 IST" name="LoginPageTest" finished-at="2025-05-05T14:29:50 IST" duration-ms="7539">
      <class name="com.crm.testcases.LoginPageTestCase">
        <test-method is-config="true" signature="setup()[pri:0, instance:com.crm.testcases.LoginPageTestCase@7d8995e]" started-at="2025-05-05T14:29:42 IST" name="setup" finished-at="2025-05-05T14:29:46 IST" duration-ms="3956" status="PASS">
          <reporter-output>
          </reporter-output>
        </test-method> <!-- setup -->
        <test-method is-config="true" signature="pageSetup()[pri:0, instance:com.crm.testcases.LoginPageTestCase@7d8995e]" started-at="2025-05-05T14:29:46 IST" name="pageSetup" finished-at="2025-05-05T14:29:47 IST" duration-ms="1234" status="PASS">
          <reporter-output>
          </reporter-output>
        </test-method> <!-- pageSetup -->
        <test-method signature="validateLogin()[pri:0, instance:com.crm.testcases.LoginPageTestCase@7d8995e]" started-at="2025-05-05T14:29:47 IST" name="validateLogin" finished-at="2025-05-05T14:29:50 IST" duration-ms="2341" status="PASS">
          <reporter-output>
          </reporter-output>
        </test-method> <!-- validateLogin -->
      </class> <!-- com.crm.testcases.LoginPageTestCase -->
    </test> <!-- LoginPageTest -->
  </suite> <!-- Suite -->
</testng-results>
