<?xml version="1.0" encoding="UTF-8"?>
<testng-results ignored="0" total="4" passed="4" failed="0" skipped="0">
  <reporter-output>
  </reporter-output>
  <suite started-at="2025-05-07T14:46:37 IST" name="Suite" finished-at="2025-05-07T14:46:57 IST" duration-ms="19738">
    <groups>
    </groups>
    <test started-at="2025-05-07T14:46:37 IST" name="HomePageTest" finished-at="2025-05-07T14:46:48 IST" duration-ms="11636">
      <class name="com.crm.testcases.HomePageTestCase">
        <test-method is-config="true" signature="setup()[pri:0, instance:com.crm.testcases.HomePageTestCase@4fb61f4a]" started-at="2025-05-07T14:46:37 IST" name="setup" finished-at="2025-05-07T14:46:47 IST" duration-ms="10206" status="PASS">
          <reporter-output>
          </reporter-output>
        </test-method> <!-- setup -->
        <test-method signature="verifyUrl()[pri:1, instance:com.crm.testcases.HomePageTestCase@4fb61f4a]" started-at="2025-05-07T14:46:47 IST" name="verifyUrl" finished-at="2025-05-07T14:46:47 IST" duration-ms="80" status="PASS">
          <reporter-output>
          </reporter-output>
        </test-method> <!-- verifyUrl -->
        <test-method signature="verifyTitle()[pri:2, instance:com.crm.testcases.HomePageTestCase@4fb61f4a]" started-at="2025-05-07T14:46:47 IST" name="verifyTitle" finished-at="2025-05-07T14:46:47 IST" duration-ms="50" status="PASS">
          <reporter-output>
          </reporter-output>
        </test-method> <!-- verifyTitle -->
        <test-method signature="validateSIgnInLink()[pri:3, instance:com.crm.testcases.HomePageTestCase@4fb61f4a]" started-at="2025-05-07T14:46:47 IST" name="validateSIgnInLink" finished-at="2025-05-07T14:46:48 IST" duration-ms="1136" status="PASS">
          <reporter-output>
          </reporter-output>
        </test-method> <!-- validateSIgnInLink -->
      </class> <!-- com.crm.testcases.HomePageTestCase -->
    </test> <!-- HomePageTest -->
    <test started-at="2025-05-07T14:46:48 IST" name="LoginPageTest" finished-at="2025-05-07T14:46:57 IST" duration-ms="8033">
      <class name="com.crm.testcases.LoginPageTestCase">
        <test-method is-config="true" signature="setup()[pri:0, instance:com.crm.testcases.LoginPageTestCase@130d63be]" started-at="2025-05-07T14:46:48 IST" name="setup" finished-at="2025-05-07T14:46:53 IST" duration-ms="4048" status="PASS">
          <reporter-output>
          </reporter-output>
        </test-method> <!-- setup -->
        <test-method is-config="true" signature="pageSetup()[pri:0, instance:com.crm.testcases.LoginPageTestCase@130d63be]" started-at="2025-05-07T14:46:53 IST" name="pageSetup" finished-at="2025-05-07T14:46:54 IST" duration-ms="1359" status="PASS">
          <reporter-output>
          </reporter-output>
        </test-method> <!-- pageSetup -->
        <test-method signature="validateLogin()[pri:0, instance:com.crm.testcases.LoginPageTestCase@130d63be]" started-at="2025-05-07T14:46:54 IST" name="validateLogin" finished-at="2025-05-07T14:46:57 IST" duration-ms="2623" status="PASS">
          <reporter-output>
          </reporter-output>
        </test-method> <!-- validateLogin -->
      </class> <!-- com.crm.testcases.LoginPageTestCase -->
    </test> <!-- LoginPageTest -->
  </suite> <!-- Suite -->
</testng-results>
