<?xml version="1.0" encoding="UTF-8"?>
<testsuite xmlns:xsi="http://www.w3.org/2001/XMLSchema-instance" xsi:noNamespaceSchemaLocation="https://maven.apache.org/surefire/maven-surefire-plugin/xsd/surefire-test-report.xsd" version="3.0.2" name="TestSuite" time="29.713" tests="4" errors="0" skipped="0" failures="0">
  <properties>
[...]
</properties>
  <testcase name="verifyUrl" classname="com.crm.testcases.HomePageTestCase" time="14.234">
    <system-out><![CDATA[Test pass: Url matched!
]]></system-out>
    <system-err><![CDATA[SLF4J(W): No SLF4J providers were found.
SLF4J(W): Defaulting to no-operation (NOP) logger implementation
SLF4J(W): See https://www.slf4j.org/codes.html#noProviders for further details.
May 05, 2025 2:29:25 PM org.openqa.selenium.devtools.CdpVersionFinder findNearestMatch
WARNING: Unable to find an exact match for CDP version 136, returning the closest version; found: 135; Please update to a Selenium version that supports CDP version 136
]]></system-err>
  </testcase>
  <testcase name="verifyTitle" classname="com.crm.testcases.HomePageTestCase" time="0.023">
    <system-out><![CDATA[Test Pass! Title macthed
]]></system-out>
  </testcase>
  <testcase name="validateSIgnInLink" classname="com.crm.testcases.HomePageTestCase" time="1.399">
    <system-out><![CDATA[Test Pass: Application navigating to Login page
]]></system-out>
  </testcase>
  <testcase name="validateLogin" classname="com.crm.testcases.LoginPageTestCase" time="2.345">
    <system-out><![CDATA[Test Pass: Login Completed!
]]></system-out>
    <system-err><![CDATA[May 05, 2025 2:29:44 PM org.openqa.selenium.devtools.CdpVersionFinder findNearestMatch
WARNING: Unable to find an exact match for CDP version 136, returning the closest version; found: 135; Please update to a Selenium version that supports CDP version 136
]]></system-err>
  </testcase>
</testsuite>